[2019-04-15 10:34:37.229] [exthost] [info] extension host started
[2019-04-15 10:34:37.284] [exthost] [info] ExtensionService#_doActivateExtension vscode.debug-auto-launch {"startup":true,"activationEvent":"*"}
[2019-04-15 10:34:37.284] [exthost] [info] ExtensionService#loadCommonJSModule /usr/share/code/resources/app/extensions/debug-auto-launch/dist/extension
[2019-04-15 10:34:37.291] [exthost] [info] ExtensionService#_doActivateExtension vscode.emmet {"startup":true,"activationEvent":"*"}
[2019-04-15 10:34:37.291] [exthost] [info] ExtensionService#loadCommonJSModule /usr/share/code/resources/app/extensions/emmet/dist/extension
[2019-04-15 10:34:37.332] [exthost] [info] ExtensionService#_doActivateExtension vscode.git {"startup":true,"activationEvent":"*"}
[2019-04-15 10:34:37.332] [exthost] [info] ExtensionService#loadCommonJSModule /usr/share/code/resources/app/extensions/git/dist/main
[2019-04-15 10:34:37.493] [exthost] [info] ExtensionService#_doActivateExtension vscode.merge-conflict {"startup":true,"activationEvent":"*"}
[2019-04-15 10:34:37.493] [exthost] [info] ExtensionService#loadCommonJSModule /usr/share/code/resources/app/extensions/merge-conflict/dist/extension
[2019-04-15 10:34:37.502] [exthost] [info] ExtensionService#_doActivateExtension vscode.typescript-language-features {"startup":false,"activationEvent":"onLanguage:javascript"}
[2019-04-15 10:34:37.503] [exthost] [info] ExtensionService#loadCommonJSModule /usr/share/code/resources/app/extensions/typescript-language-features/dist/extension
[2019-04-15 10:34:37.590] [exthost] [info] eager extensions activated
[2019-04-15 10:49:46.996] [exthost] [info] ExtensionService#_doActivateExtension vscode.extension-editing {"startup":false,"activationEvent":"onLanguage:typescript"}
[2019-04-15 10:49:46.996] [exthost] [info] ExtensionService#loadCommonJSModule /usr/share/code/resources/app/extensions/extension-editing/dist/extension
[2019-04-15 10:52:18.915] [exthost] [info] ExtensionService#_doActivateExtension vscode.configuration-editing {"startup":false,"activationEvent":"onLanguage:jsonc"}
[2019-04-15 10:52:18.915] [exthost] [info] ExtensionService#loadCommonJSModule /usr/share/code/resources/app/extensions/configuration-editing/dist/extension
[2019-04-15 10:52:18.931] [exthost] [info] ExtensionService#_doActivateExtension vscode.json-language-features {"startup":false,"activationEvent":"onLanguage:jsonc"}
[2019-04-15 10:52:18.931] [exthost] [info] ExtensionService#loadCommonJSModule /usr/share/code/resources/app/extensions/json-language-features/client/dist/jsonMain
[2019-04-15 10:52:20.042] [exthost] [info] ExtensionService#_doActivateExtension vscode.html-language-features {"startup":false,"activationEvent":"onLanguage:html"}
[2019-04-15 10:52:20.042] [exthost] [info] ExtensionService#loadCommonJSModule /usr/share/code/resources/app/extensions/html-language-features/client/dist/htmlMain
[2019-04-15 11:14:14.647] [exthost] [info] ExtensionService#_doActivateExtension vscode.css-language-features {"startup":false,"activationEvent":"onLanguage:css"}
[2019-04-15 11:14:14.647] [exthost] [info] ExtensionService#loadCommonJSModule /usr/share/code/resources/app/extensions/css-language-features/client/dist/cssMain
[2019-04-15 12:18:49.889] [exthost] [info] ExtensionService#_doActivateExtension vscode.npm {"startup":false,"activationEvent":"onLanguage:json"}
[2019-04-15 12:18:49.889] [exthost] [info] ExtensionService#loadCommonJSModule /usr/share/code/resources/app/extensions/npm/dist/main
